0:0:0:0:0:0:0:1 -  -  [24/Mar/2016:00:21:10 +0000] "GET /openhab.app?sitemap=project HTTP/1.1" 200 9473 
0:0:0:0:0:0:0:1 -  -  [24/Mar/2016:00:21:21 +0000] "GET /openhab.app?sitemap=demo HTTP/1.1" 500 3930 
0:0:0:0:0:0:0:1 -  -  [24/Mar/2016:00:21:12 +0000] "GET /openhab.app?sitemap=project&poll=true&__async=true&__source=waHome HTTP/1.1" 200 92 
0:0:0:0:0:0:0:1 -  -  [24/Mar/2016:00:21:25 +0000] "GET /openhab.app?sitemap=project HTTP/1.1" 200 9473 
0:0:0:0:0:0:0:1 -  -  [24/Mar/2016:00:21:27 +0000] "GET /openhab.app?sitemap=project&poll=true&__async=true&__source=waHome HTTP/1.1" 200 92 
0:0:0:0:0:0:0:1 -  -  [24/Mar/2016:00:23:52 +0000] "GET /openhab.app?sitemap=project HTTP/1.1" 200 9473 
0:0:0:0:0:0:0:1 -  -  [24/Mar/2016:00:23:52 +0000] "GET /classicui/WebApp/Design/openHAB.css HTTP/1.1" 304 0 
0:0:0:0:0:0:0:1 -  -  [24/Mar/2016:00:23:52 +0000] "GET /classicui/WebApp/Design/Firefox.css HTTP/1.1" 304 0 
0:0:0:0:0:0:0:1 -  -  [24/Mar/2016:00:23:52 +0000] "GET /classicui/WebApp/Design/RenderRTL.css HTTP/1.1" 304 0 
0:0:0:0:0:0:0:1 -  -  [24/Mar/2016:00:23:52 +0000] "GET /classicui/WebApp/Design/Render.css HTTP/1.1" 304 0 
0:0:0:0:0:0:0:1 -  -  [24/Mar/2016:00:23:52 +0000] "GET /classicui/WebApp/Action/Logic.min.js HTTP/1.1" 304 0 
0:0:0:0:0:0:0:1 -  -  [24/Mar/2016:00:23:52 +0000] "GET /classicui/jquery.miniColors.css HTTP/1.1" 304 0 
0:0:0:0:0:0:0:1 -  -  [24/Mar/2016:00:23:52 +0000] "GET /classicui/jquery.min.js HTTP/1.1" 304 0 
0:0:0:0:0:0:0:1 -  -  [24/Mar/2016:00:23:52 +0000] "GET /classicui/jquery.miniColors.js HTTP/1.1" 304 0 
0:0:0:0:0:0:0:1 -  -  [24/Mar/2016:00:23:52 +0000] "GET /images/none.png HTTP/1.1" 200 132 
0:0:0:0:0:0:0:1 -  -  [24/Mar/2016:00:23:52 +0000] "GET /images/favicon.ico HTTP/1.1" 200 1150 
0:0:0:0:0:0:0:1 -  -  [24/Mar/2016:00:23:54 +0000] "GET /openhab.app?sitemap=project&poll=true&__async=true&__source=waHome HTTP/1.1" 200 92 
0:0:0:0:0:0:0:1 -  -  [24/Mar/2016:00:24:38 +0000] "GET /openhab.app?sitemap=project HTTP/1.1" 200 9473 
0:0:0:0:0:0:0:1 -  -  [24/Mar/2016:00:24:38 +0000] "GET /classicui/WebApp/Design/Render.css HTTP/1.1" 304 0 
0:0:0:0:0:0:0:1 -  -  [24/Mar/2016:00:24:38 +0000] "GET /classicui/WebApp/Design/RenderRTL.css HTTP/1.1" 304 0 
0:0:0:0:0:0:0:1 -  -  [24/Mar/2016:00:24:38 +0000] "GET /classicui/WebApp/Design/Firefox.css HTTP/1.1" 304 0 
0:0:0:0:0:0:0:1 -  -  [24/Mar/2016:00:24:38 +0000] "GET /classicui/WebApp/Design/openHAB.css HTTP/1.1" 304 0 
0:0:0:0:0:0:0:1 -  -  [24/Mar/2016:00:24:38 +0000] "GET /classicui/jquery.miniColors.css HTTP/1.1" 304 0 
0:0:0:0:0:0:0:1 -  -  [24/Mar/2016:00:24:38 +0000] "GET /classicui/WebApp/Action/Logic.min.js HTTP/1.1" 304 0 
0:0:0:0:0:0:0:1 -  -  [24/Mar/2016:00:24:38 +0000] "GET /classicui/jquery.miniColors.js HTTP/1.1" 304 0 
0:0:0:0:0:0:0:1 -  -  [24/Mar/2016:00:24:38 +0000] "GET /classicui/jquery.min.js HTTP/1.1" 304 0 
0:0:0:0:0:0:0:1 -  -  [24/Mar/2016:00:24:38 +0000] "GET /images/none.png HTTP/1.1" 304 0 
0:0:0:0:0:0:0:1 -  -  [24/Mar/2016:00:24:38 +0000] "GET /images/favicon.ico HTTP/1.1" 200 1150 
0:0:0:0:0:0:0:1 -  -  [24/Mar/2016:00:24:41 +0000] "GET /openhab.app?sitemap=project HTTP/1.1" 200 9473 
0:0:0:0:0:0:0:1 -  -  [24/Mar/2016:00:24:41 +0000] "GET /classicui/WebApp/Design/Render.css HTTP/1.1" 304 0 
0:0:0:0:0:0:0:1 -  -  [24/Mar/2016:00:24:41 +0000] "GET /classicui/WebApp/Design/RenderRTL.css HTTP/1.1" 304 0 
0:0:0:0:0:0:0:1 -  -  [24/Mar/2016:00:24:41 +0000] "GET /classicui/WebApp/Design/Firefox.css HTTP/1.1" 304 0 
0:0:0:0:0:0:0:1 -  -  [24/Mar/2016:00:24:41 +0000] "GET /classicui/WebApp/Design/openHAB.css HTTP/1.1" 304 0 
0:0:0:0:0:0:0:1 -  -  [24/Mar/2016:00:24:41 +0000] "GET /classicui/jquery.miniColors.css HTTP/1.1" 304 0 
0:0:0:0:0:0:0:1 -  -  [24/Mar/2016:00:24:41 +0000] "GET /classicui/WebApp/Action/Logic.min.js HTTP/1.1" 304 0 
0:0:0:0:0:0:0:1 -  -  [24/Mar/2016:00:24:41 +0000] "GET /classicui/jquery.min.js HTTP/1.1" 304 0 
0:0:0:0:0:0:0:1 -  -  [24/Mar/2016:00:24:41 +0000] "GET /classicui/jquery.miniColors.js HTTP/1.1" 304 0 
0:0:0:0:0:0:0:1 -  -  [24/Mar/2016:00:24:41 +0000] "GET /images/none.png HTTP/1.1" 304 0 
0:0:0:0:0:0:0:1 -  -  [24/Mar/2016:00:24:41 +0000] "GET /images/favicon.ico HTTP/1.1" 200 1150 
0:0:0:0:0:0:0:1 -  -  [24/Mar/2016:00:24:40 +0000] "GET /openhab.app?sitemap=project&poll=true&__async=true&__source=waHome HTTP/1.1" 200 92 
0:0:0:0:0:0:0:1 -  -  [24/Mar/2016:00:24:42 +0000] "GET /openhab.app?sitemap=project&poll=true&__async=true&__source=waHome HTTP/1.1" 200 92 
0:0:0:0:0:0:0:1 -  -  [24/Mar/2016:00:24:53 +0000] "GET /openhab.app?sitemap=project&poll=true&__async=true&__source=waHome HTTP/1.1" 200 92 
0:0:0:0:0:0:0:1 -  -  [24/Mar/2016:00:25:03 +0000] "GET /openhab.app?sitemap=project HTTP/1.1" 200 9473 
0:0:0:0:0:0:0:1 -  -  [24/Mar/2016:00:25:04 +0000] "GET /classicui/WebApp/Design/Render.css HTTP/1.1" 304 0 
0:0:0:0:0:0:0:1 -  -  [24/Mar/2016:00:25:04 +0000] "GET /classicui/WebApp/Design/RenderRTL.css HTTP/1.1" 304 0 
0:0:0:0:0:0:0:1 -  -  [24/Mar/2016:00:25:04 +0000] "GET /classicui/WebApp/Design/Firefox.css HTTP/1.1" 304 0 
0:0:0:0:0:0:0:1 -  -  [24/Mar/2016:00:25:04 +0000] "GET /classicui/WebApp/Design/openHAB.css HTTP/1.1" 304 0 
0:0:0:0:0:0:0:1 -  -  [24/Mar/2016:00:25:04 +0000] "GET /classicui/jquery.miniColors.css HTTP/1.1" 304 0 
0:0:0:0:0:0:0:1 -  -  [24/Mar/2016:00:25:04 +0000] "GET /classicui/WebApp/Action/Logic.min.js HTTP/1.1" 304 0 
0:0:0:0:0:0:0:1 -  -  [24/Mar/2016:00:25:04 +0000] "GET /classicui/jquery.min.js HTTP/1.1" 304 0 
0:0:0:0:0:0:0:1 -  -  [24/Mar/2016:00:25:04 +0000] "GET /classicui/jquery.miniColors.js HTTP/1.1" 304 0 
0:0:0:0:0:0:0:1 -  -  [24/Mar/2016:00:25:04 +0000] "GET /images/none.png HTTP/1.1" 304 0 
0:0:0:0:0:0:0:1 -  -  [24/Mar/2016:00:25:04 +0000] "GET /images/favicon.ico HTTP/1.1" 200 1150 
0:0:0:0:0:0:0:1 -  -  [24/Mar/2016:00:25:03 +0000] "GET /openhab.app?sitemap=project&poll=true&__async=true&__source=waHome HTTP/1.1" 200 92 
0:0:0:0:0:0:0:1 -  -  [24/Mar/2016:00:25:05 +0000] "GET /openhab.app?sitemap=project&poll=true&__async=true&__source=waHome HTTP/1.1" 200 92 
0:0:0:0:0:0:0:1 -  -  [24/Mar/2016:00:25:16 +0000] "GET /openhab.app?sitemap=project&poll=true&__async=true&__source=waHome HTTP/1.1" 200 92 
0:0:0:0:0:0:0:1 -  -  [24/Mar/2016:00:25:26 +0000] "GET /openhab.app?sitemap=project&poll=true&__async=true&__source=waHome HTTP/1.1" 200 92 
0:0:0:0:0:0:0:1 -  -  [24/Mar/2016:00:25:37 +0000] "GET /openhab.app?sitemap=project&poll=true&__async=true&__source=waHome HTTP/1.1" 200 92 
0:0:0:0:0:0:0:1 -  -  [24/Mar/2016:00:25:47 +0000] "GET /openhab.app?sitemap=project&poll=true&__async=true&__source=waHome HTTP/1.1" 200 92 
0:0:0:0:0:0:0:1 -  -  [24/Mar/2016:00:27:20 +0000] "GET /openhab.app?sitemap=project HTTP/1.1" 200 9473 
0:0:0:0:0:0:0:1 -  -  [24/Mar/2016:00:27:20 +0000] "GET /classicui/WebApp/Design/Firefox.css HTTP/1.1" 304 0 
0:0:0:0:0:0:0:1 -  -  [24/Mar/2016:00:27:20 +0000] "GET /classicui/WebApp/Design/RenderRTL.css HTTP/1.1" 304 0 
0:0:0:0:0:0:0:1 -  -  [24/Mar/2016:00:27:20 +0000] "GET /classicui/WebApp/Design/openHAB.css HTTP/1.1" 304 0 
0:0:0:0:0:0:0:1 -  -  [24/Mar/2016:00:27:20 +0000] "GET /classicui/WebApp/Design/Render.css HTTP/1.1" 304 0 
0:0:0:0:0:0:0:1 -  -  [24/Mar/2016:00:27:20 +0000] "GET /classicui/jquery.miniColors.css HTTP/1.1" 304 0 
0:0:0:0:0:0:0:1 -  -  [24/Mar/2016:00:27:20 +0000] "GET /classicui/WebApp/Action/Logic.min.js HTTP/1.1" 304 0 
0:0:0:0:0:0:0:1 -  -  [24/Mar/2016:00:27:20 +0000] "GET /classicui/jquery.min.js HTTP/1.1" 304 0 
0:0:0:0:0:0:0:1 -  -  [24/Mar/2016:00:27:20 +0000] "GET /classicui/jquery.miniColors.js HTTP/1.1" 304 0 
0:0:0:0:0:0:0:1 -  -  [24/Mar/2016:00:27:20 +0000] "GET /images/none.png HTTP/1.1" 304 0 
0:0:0:0:0:0:0:1 -  -  [24/Mar/2016:00:27:20 +0000] "GET /images/favicon.ico HTTP/1.1" 200 1150 
0:0:0:0:0:0:0:1 -  -  [24/Mar/2016:00:31:04 +0000] "GET /openhab.app?sitemap=project HTTP/1.1" 200 9473 
0:0:0:0:0:0:0:1 -  -  [24/Mar/2016:00:31:10 +0000] "GET /openhab.app?sitemap=project HTTP/1.1" 200 9473 
0:0:0:0:0:0:0:1 -  -  [24/Mar/2016:00:31:10 +0000] "GET /classicui/WebApp/Design/Firefox.css HTTP/1.1" 304 0 
0:0:0:0:0:0:0:1 -  -  [24/Mar/2016:00:31:10 +0000] "GET /classicui/WebApp/Design/openHAB.css HTTP/1.1" 304 0 
0:0:0:0:0:0:0:1 -  -  [24/Mar/2016:00:31:10 +0000] "GET /classicui/WebApp/Design/RenderRTL.css HTTP/1.1" 304 0 
0:0:0:0:0:0:0:1 -  -  [24/Mar/2016:00:31:10 +0000] "GET /classicui/jquery.miniColors.css HTTP/1.1" 304 0 
0:0:0:0:0:0:0:1 -  -  [24/Mar/2016:00:31:10 +0000] "GET /classicui/WebApp/Design/Render.css HTTP/1.1" 304 0 
0:0:0:0:0:0:0:1 -  -  [24/Mar/2016:00:31:10 +0000] "GET /classicui/WebApp/Action/Logic.min.js HTTP/1.1" 304 0 
0:0:0:0:0:0:0:1 -  -  [24/Mar/2016:00:31:10 +0000] "GET /classicui/jquery.min.js HTTP/1.1" 304 0 
0:0:0:0:0:0:0:1 -  -  [24/Mar/2016:00:31:10 +0000] "GET /classicui/jquery.miniColors.js HTTP/1.1" 304 0 
0:0:0:0:0:0:0:1 -  -  [24/Mar/2016:00:31:10 +0000] "GET /images/none.png HTTP/1.1" 304 0 
0:0:0:0:0:0:0:1 -  -  [24/Mar/2016:00:31:10 +0000] "GET /images/favicon.ico HTTP/1.1" 200 1150 
0:0:0:0:0:0:0:1 -  -  [24/Mar/2016:00:32:04 +0000] "GET /openhab.app?sitemap=project HTTP/1.1" 404 1410 
0:0:0:0:0:0:0:1 -  -  [24/Mar/2016:00:32:12 +0000] "GET /openhab.app?sitemap=project HTTP/1.1" 404 1410 
0:0:0:0:0:0:0:1 -  -  [24/Mar/2016:00:32:13 +0000] "GET /openhab.app?sitemap=project HTTP/1.1" 200 9702 
0:0:0:0:0:0:0:1 -  -  [24/Mar/2016:00:32:13 +0000] "GET /classicui/WebApp/Design/RenderRTL.css HTTP/1.1" 304 0 
0:0:0:0:0:0:0:1 -  -  [24/Mar/2016:00:32:13 +0000] "GET /classicui/jquery.miniColors.css HTTP/1.1" 304 0 
0:0:0:0:0:0:0:1 -  -  [24/Mar/2016:00:32:13 +0000] "GET /classicui/WebApp/Action/Logic.min.js HTTP/1.1" 304 0 
0:0:0:0:0:0:0:1 -  -  [24/Mar/2016:00:32:13 +0000] "GET /classicui/WebApp/Design/Firefox.css HTTP/1.1" 304 0 
0:0:0:0:0:0:0:1 -  -  [24/Mar/2016:00:32:13 +0000] "GET /classicui/WebApp/Design/Render.css HTTP/1.1" 304 0 
0:0:0:0:0:0:0:1 -  -  [24/Mar/2016:00:32:13 +0000] "GET /classicui/WebApp/Design/openHAB.css HTTP/1.1" 304 0 
0:0:0:0:0:0:0:1 -  -  [24/Mar/2016:00:32:13 +0000] "GET /classicui/jquery.min.js HTTP/1.1" 304 0 
0:0:0:0:0:0:0:1 -  -  [24/Mar/2016:00:32:13 +0000] "GET /classicui/jquery.miniColors.js HTTP/1.1" 304 0 
0:0:0:0:0:0:0:1 -  -  [24/Mar/2016:00:32:13 +0000] "GET /images/none.png HTTP/1.1" 304 0 
0:0:0:0:0:0:0:1 -  -  [24/Mar/2016:00:32:13 +0000] "GET /images/favicon.ico HTTP/1.1" 200 1150 
0:0:0:0:0:0:0:1 -  -  [24/Mar/2016:00:32:15 +0000] "GET /openhab.app?sitemap=project&w=0000&__async=true&__source=waHome HTTP/1.1" 200 702 
0:0:0:0:0:0:0:1 -  -  [24/Mar/2016:00:32:17 +0000] "GET /openhab.app?sitemap=project&w=gInside&__async=true&__source=wa0000 HTTP/1.1" 200 558 
0:0:0:0:0:0:0:1 -  -  [24/Mar/2016:00:32:21 +0000] "GET /openhab.app?sitemap=project&w=Lights&__async=true&__source=wa0000 HTTP/1.1" 200 919 
0:0:0:0:0:0:0:1 -  -  [24/Mar/2016:00:32:21 +0000] "GET /classicui/WebApp/Design/Img/bg-switch.png HTTP/1.1" 200 157 
0:0:0:0:0:0:0:1 -  -  [24/Mar/2016:00:32:21 +0000] "GET /classicui/WebApp/Design/Img/bg-switch-thumb.png HTTP/1.1" 200 164 
0:0:0:0:0:0:0:1 -  -  [24/Mar/2016:00:32:21 +0000] "GET /classicui/WebApp/Design/Img/form-check-text.png HTTP/1.1" 200 122 
0:0:0:0:0:0:0:1 -  -  [24/Mar/2016:00:32:23 +0000] "GET /CMD?Light_GI_Living_Lamp=TOGGLE&__async=true&__source=waLights HTTP/1.1" 200 13 
0:0:0:0:0:0:0:1 -  -  [24/Mar/2016:00:32:23 +0000] "GET /classicui/WebApp/Design/Img/form-check-texton.png HTTP/1.1" 200 121 
0:0:0:0:0:0:0:1 -  -  [24/Mar/2016:00:32:15 +0000] "GET /openhab.app?sitemap=project&poll=true&__async=true&__source=waHome HTTP/1.1" 200 551 
0:0:0:0:0:0:0:1 -  -  [24/Mar/2016:00:32:23 +0000] "GET /images/group.png HTTP/1.1" 404 1381 
0:0:0:0:0:0:0:1 -  -  [24/Mar/2016:00:32:18 +0000] "GET /openhab.app?sitemap=project&sitemap=project&w=gInside&poll=true&__async=true&__source=wagInside HTTP/1.1" 200 558 
0:0:0:0:0:0:0:1 -  -  [24/Mar/2016:00:32:15 +0000] "GET /openhab.app?sitemap=project&sitemap=project&w=0000&poll=true&__async=true&__source=wa0000 HTTP/1.1" 200 703 
0:0:0:0:0:0:0:1 -  -  [24/Mar/2016:00:32:23 +0000] "GET /images/group.png HTTP/1.1" 404 1381 
0:0:0:0:0:0:0:1 -  -  [24/Mar/2016:00:32:22 +0000] "GET /openhab.app?sitemap=project&sitemap=project&w=Lights&poll=true&__async=true&__source=waLights HTTP/1.1" 200 934 
0:0:0:0:0:0:0:1 -  -  [24/Mar/2016:00:32:24 +0000] "GET /images/switch-on.png HTTP/1.1" 200 2076 
0:0:0:0:0:0:0:1 -  -  [24/Mar/2016:00:32:24 +0000] "GET /CMD?Light_GI_Living_Lamp=TOGGLE&__async=true&__source=waLights HTTP/1.1" 200 13 
0:0:0:0:0:0:0:1 -  -  [24/Mar/2016:00:32:23 +0000] "GET /openhab.app?sitemap=project&sitemap=project&w=0000&poll=true&__async=true&__source=wa0000 HTTP/1.1" 200 703 
0:0:0:0:0:0:0:1 -  -  [24/Mar/2016:00:32:24 +0000] "GET /images/group.png HTTP/1.1" 404 1381 
0:0:0:0:0:0:0:1 -  -  [24/Mar/2016:00:32:24 +0000] "GET /openhab.app?sitemap=project&sitemap=project&w=Lights&poll=true&__async=true&__source=waLights HTTP/1.1" 200 923 
0:0:0:0:0:0:0:1 -  -  [24/Mar/2016:00:32:25 +0000] "GET /images/switch-off.png HTTP/1.1" 200 1467 
0:0:0:0:0:0:0:1 -  -  [24/Mar/2016:00:32:25 +0000] "GET /CMD?Light_GI_Living_Ceiling=TOGGLE&__async=true&__source=waLights HTTP/1.1" 200 13 
0:0:0:0:0:0:0:1 -  -  [24/Mar/2016:00:32:25 +0000] "GET /openhab.app?sitemap=project&sitemap=project&w=Lights&poll=true&__async=true&__source=waLights HTTP/1.1" 200 938 
0:0:0:0:0:0:0:1 -  -  [24/Mar/2016:00:32:26 +0000] "GET /CMD?Light_GI_Living_Ceiling=TOGGLE&__async=true&__source=waLights HTTP/1.1" 200 13 
0:0:0:0:0:0:0:1 -  -  [24/Mar/2016:00:32:26 +0000] "GET /openhab.app?sitemap=project&sitemap=project&w=Lights&poll=true&__async=true&__source=waLights HTTP/1.1" 200 927 
0:0:0:0:0:0:0:1 -  -  [24/Mar/2016:00:32:27 +0000] "GET /openhab.app?sitemap=project&sitemap=project&w=Lights&poll=true&__async=true&__source=waLights HTTP/1.1" 200 92 
0:0:0:0:0:0:0:1 -  -  [24/Mar/2016:00:32:37 +0000] "GET /openhab.app?sitemap=project&w=0000&__async=true&__source=waHome HTTP/1.1" 200 702 
0:0:0:0:0:0:0:1 -  -  [24/Mar/2016:00:32:30 +0000] "GET /openhab.app?sitemap=project&sitemap=project&w=0000&poll=true&__async=true&__source=wa0000 HTTP/1.1" 200 92 
0:0:0:0:0:0:0:1 -  -  [24/Mar/2016:00:32:32 +0000] "GET /openhab.app?sitemap=project&sitemap=project&w=Home&poll=true&__async=true&__source=waHome HTTP/1.1" 200 92 
0:0:0:0:0:0:0:1 -  -  [24/Mar/2016:00:32:37 +0000] "GET /openhab.app?sitemap=project&sitemap=project&w=Lights&poll=true&__async=true&__source=waHome HTTP/1.1" 200 92 
0:0:0:0:0:0:0:1 -  -  [24/Mar/2016:00:32:41 +0000] "GET /openhab.app?sitemap=project&sitemap=project&w=0000&poll=true&__async=true&__source=wa0000 HTTP/1.1" 200 92 
0:0:0:0:0:0:0:1 -  -  [24/Mar/2016:00:32:52 +0000] "GET /openhab.app?sitemap=project&w=Lights&__async=true&__source=wa0000 HTTP/1.1" 200 927 
0:0:0:0:0:0:0:1 -  -  [24/Mar/2016:00:32:53 +0000] "GET /CMD?Light_GI_Living_Lamp=TOGGLE&__async=true&__source=waLights HTTP/1.1" 200 13 
0:0:0:0:0:0:0:1 -  -  [24/Mar/2016:00:32:52 +0000] "GET /openhab.app?sitemap=project&sitemap=project&w=Lights&poll=true&__async=true&__source=waLights HTTP/1.1" 200 938 
0:0:0:0:0:0:0:1 -  -  [24/Mar/2016:00:32:51 +0000] "GET /openhab.app?sitemap=project&sitemap=project&w=0000&poll=true&__async=true&__source=wa0000 HTTP/1.1" 200 703 
0:0:0:0:0:0:0:1 -  -  [24/Mar/2016:00:32:54 +0000] "GET /images/group.png HTTP/1.1" 404 1381 
0:0:0:0:0:0:0:1 -  -  [24/Mar/2016:00:32:56 +0000] "GET /openhab.app?sitemap=project&w=Lights&__async=true&__source=wa0000 HTTP/1.1" 200 938 
0:0:0:0:0:0:0:1 -  -  [24/Mar/2016:00:32:53 +0000] "GET /openhab.app?sitemap=project&sitemap=project&w=Lights&poll=true&__async=true&__source=waLights HTTP/1.1" 200 92 
0:0:0:0:0:0:0:1 -  -  [24/Mar/2016:00:32:54 +0000] "GET /openhab.app?sitemap=project&sitemap=project&w=0000&poll=true&__async=true&__source=wa0000 HTTP/1.1" 200 92 
0:0:0:0:0:0:0:1 -  -  [24/Mar/2016:00:33:10 +0000] "GET /openhab.app?sitemap=project&w=gInside&__async=true&__source=wa0000 HTTP/1.1" 200 558 
0:0:0:0:0:0:0:1 -  -  [24/Mar/2016:00:33:12 +0000] "GET /openhab.app?sitemap=project&w=GI_Living&__async=true&__source=wagInside HTTP/1.1" 200 941 
0:0:0:0:0:0:0:1 -  -  [24/Mar/2016:00:33:14 +0000] "GET /CMD?Light_GI_Living_Lamp=TOGGLE&__async=true&__source=waGI_Living HTTP/1.1" 200 13 
0:0:0:0:0:0:0:1 -  -  [24/Mar/2016:00:33:04 +0000] "GET /openhab.app?sitemap=project&sitemap=project&w=0000&poll=true&__async=true&__source=wa0000 HTTP/1.1" 200 702 
0:0:0:0:0:0:0:1 -  -  [24/Mar/2016:00:33:04 +0000] "GET /openhab.app?sitemap=project&sitemap=project&w=0000&poll=true&__async=true&__source=waLights HTTP/1.1" 200 702 
0:0:0:0:0:0:0:1 -  -  [24/Mar/2016:00:33:12 +0000] "GET /openhab.app?sitemap=project&sitemap=project&w=GI_Living&poll=true&__async=true&__source=waGI_Living HTTP/1.1" 200 930 
0:0:0:0:0:0:0:1 -  -  [24/Mar/2016:00:33:11 +0000] "GET /openhab.app?sitemap=project&sitemap=project&w=gInside&poll=true&__async=true&__source=wagInside HTTP/1.1" 200 558 
0:0:0:0:0:0:0:1 -  -  [24/Mar/2016:00:33:04 +0000] "GET /openhab.app?sitemap=project&sitemap=project&w=Lights&poll=true&__async=true&__source=waLights HTTP/1.1" 200 92 
0:0:0:0:0:0:0:1 -  -  [24/Mar/2016:00:33:14 +0000] "GET /openhab.app?sitemap=project&sitemap=project&w=0000&poll=true&__async=true&__source=wa0000 HTTP/1.1" 200 92 
0:0:0:0:0:0:0:1 -  -  [24/Mar/2016:00:33:14 +0000] "GET /openhab.app?sitemap=project&sitemap=project&w=GI_Living&poll=true&__async=true&__source=waGI_Living HTTP/1.1" 200 92 
0:0:0:0:0:0:0:1 -  -  [24/Mar/2016:00:33:14 +0000] "GET /openhab.app?sitemap=project&sitemap=project&w=Lights&poll=true&__async=true&__source=waLights HTTP/1.1" 200 92 
0:0:0:0:0:0:0:1 -  -  [24/Mar/2016:00:33:16 +0000] "GET /openhab.app?sitemap=project&sitemap=project&w=gInside&poll=true&__async=true&__source=wagInside HTTP/1.1" 200 92 
0:0:0:0:0:0:0:1 -  -  [24/Mar/2016:00:34:25 +0000] "GET /openhab.app?sitemap=project HTTP/1.1" 200 9702 
0:0:0:0:0:0:0:1 -  -  [24/Mar/2016:00:34:25 +0000] "GET /classicui/WebApp/Design/RenderRTL.css HTTP/1.1" 304 0 
0:0:0:0:0:0:0:1 -  -  [24/Mar/2016:00:34:25 +0000] "GET /classicui/WebApp/Design/Firefox.css HTTP/1.1" 304 0 
0:0:0:0:0:0:0:1 -  -  [24/Mar/2016:00:34:25 +0000] "GET /classicui/WebApp/Design/Render.css HTTP/1.1" 304 0 
0:0:0:0:0:0:0:1 -  -  [24/Mar/2016:00:34:25 +0000] "GET /classicui/WebApp/Design/openHAB.css HTTP/1.1" 304 0 
0:0:0:0:0:0:0:1 -  -  [24/Mar/2016:00:34:25 +0000] "GET /classicui/jquery.miniColors.css HTTP/1.1" 304 0 
0:0:0:0:0:0:0:1 -  -  [24/Mar/2016:00:34:25 +0000] "GET /classicui/WebApp/Action/Logic.min.js HTTP/1.1" 304 0 
0:0:0:0:0:0:0:1 -  -  [24/Mar/2016:00:34:25 +0000] "GET /classicui/jquery.min.js HTTP/1.1" 304 0 
0:0:0:0:0:0:0:1 -  -  [24/Mar/2016:00:34:25 +0000] "GET /classicui/jquery.miniColors.js HTTP/1.1" 304 0 
0:0:0:0:0:0:0:1 -  -  [24/Mar/2016:00:34:25 +0000] "GET /images/none.png HTTP/1.1" 304 0 
0:0:0:0:0:0:0:1 -  -  [24/Mar/2016:00:34:25 +0000] "GET /images/favicon.ico HTTP/1.1" 200 1150 
0:0:0:0:0:0:0:1 -  -  [24/Mar/2016:00:34:26 +0000] "GET /openhab.app?sitemap=project HTTP/1.1" 200 9702 
0:0:0:0:0:0:0:1 -  -  [24/Mar/2016:00:34:26 +0000] "GET /classicui/WebApp/Design/Render.css HTTP/1.1" 304 0 
0:0:0:0:0:0:0:1 -  -  [24/Mar/2016:00:34:26 +0000] "GET /classicui/WebApp/Design/RenderRTL.css HTTP/1.1" 304 0 
0:0:0:0:0:0:0:1 -  -  [24/Mar/2016:00:34:26 +0000] "GET /classicui/WebApp/Design/Firefox.css HTTP/1.1" 304 0 
0:0:0:0:0:0:0:1 -  -  [24/Mar/2016:00:34:26 +0000] "GET /classicui/WebApp/Design/openHAB.css HTTP/1.1" 304 0 
0:0:0:0:0:0:0:1 -  -  [24/Mar/2016:00:34:26 +0000] "GET /classicui/jquery.miniColors.css HTTP/1.1" 304 0 
0:0:0:0:0:0:0:1 -  -  [24/Mar/2016:00:34:26 +0000] "GET /classicui/WebApp/Action/Logic.min.js HTTP/1.1" 304 0 
0:0:0:0:0:0:0:1 -  -  [24/Mar/2016:00:34:26 +0000] "GET /classicui/jquery.min.js HTTP/1.1" 304 0 
0:0:0:0:0:0:0:1 -  -  [24/Mar/2016:00:34:26 +0000] "GET /classicui/jquery.miniColors.js HTTP/1.1" 304 0 
0:0:0:0:0:0:0:1 -  -  [24/Mar/2016:00:34:26 +0000] "GET /images/none.png HTTP/1.1" 304 0 
0:0:0:0:0:0:0:1 -  -  [24/Mar/2016:00:34:26 +0000] "GET /images/favicon.ico HTTP/1.1" 200 1150 
0:0:0:0:0:0:0:1 -  -  [24/Mar/2016:00:34:26 +0000] "GET /openhab.app?sitemap=project HTTP/1.1" 200 9702 
0:0:0:0:0:0:0:1 -  -  [24/Mar/2016:00:34:26 +0000] "GET /classicui/WebApp/Design/Render.css HTTP/1.1" 304 0 
0:0:0:0:0:0:0:1 -  -  [24/Mar/2016:00:34:26 +0000] "GET /classicui/WebApp/Design/RenderRTL.css HTTP/1.1" 304 0 
0:0:0:0:0:0:0:1 -  -  [24/Mar/2016:00:34:26 +0000] "GET /classicui/WebApp/Design/Firefox.css HTTP/1.1" 304 0 
0:0:0:0:0:0:0:1 -  -  [24/Mar/2016:00:34:26 +0000] "GET /classicui/WebApp/Design/openHAB.css HTTP/1.1" 304 0 
0:0:0:0:0:0:0:1 -  -  [24/Mar/2016:00:34:26 +0000] "GET /classicui/jquery.miniColors.css HTTP/1.1" 304 0 
0:0:0:0:0:0:0:1 -  -  [24/Mar/2016:00:34:26 +0000] "GET /classicui/WebApp/Action/Logic.min.js HTTP/1.1" 304 0 
0:0:0:0:0:0:0:1 -  -  [24/Mar/2016:00:34:26 +0000] "GET /classicui/jquery.min.js HTTP/1.1" 304 0 
0:0:0:0:0:0:0:1 -  -  [24/Mar/2016:00:34:26 +0000] "GET /classicui/jquery.miniColors.js HTTP/1.1" 304 0 
0:0:0:0:0:0:0:1 -  -  [24/Mar/2016:00:34:26 +0000] "GET /images/none.png HTTP/1.1" 304 0 
0:0:0:0:0:0:0:1 -  -  [24/Mar/2016:00:34:26 +0000] "GET /images/favicon.ico HTTP/1.1" 200 1150 
0:0:0:0:0:0:0:1 -  -  [24/Mar/2016:00:34:27 +0000] "GET /openhab.app?sitemap=project&w=0000&__async=true&__source=waHome HTTP/1.1" 200 702 
0:0:0:0:0:0:0:1 -  -  [24/Mar/2016:00:34:28 +0000] "GET /openhab.app?sitemap=project&w=Lights&__async=true&__source=wa0000 HTTP/1.1" 200 919 
0:0:0:0:0:0:0:1 -  -  [24/Mar/2016:00:34:32 +0000] "GET /openhab.app?sitemap=project&w=0000&__async=true&__source=waHome HTTP/1.1" 200 702 
0:0:0:0:0:0:0:1 -  -  [24/Mar/2016:00:34:34 +0000] "GET /openhab.app?sitemap=project HTTP/1.1" 200 9702 
0:0:0:0:0:0:0:1 -  -  [24/Mar/2016:00:34:34 +0000] "GET /classicui/WebApp/Design/Render.css HTTP/1.1" 304 0 
0:0:0:0:0:0:0:1 -  -  [24/Mar/2016:00:34:34 +0000] "GET /classicui/WebApp/Design/RenderRTL.css HTTP/1.1" 304 0 
0:0:0:0:0:0:0:1 -  -  [24/Mar/2016:00:34:34 +0000] "GET /classicui/WebApp/Design/openHAB.css HTTP/1.1" 304 0 
0:0:0:0:0:0:0:1 -  -  [24/Mar/2016:00:34:34 +0000] "GET /classicui/WebApp/Design/Firefox.css HTTP/1.1" 304 0 
0:0:0:0:0:0:0:1 -  -  [24/Mar/2016:00:34:34 +0000] "GET /classicui/jquery.miniColors.css HTTP/1.1" 304 0 
0:0:0:0:0:0:0:1 -  -  [24/Mar/2016:00:34:34 +0000] "GET /classicui/WebApp/Action/Logic.min.js HTTP/1.1" 304 0 
0:0:0:0:0:0:0:1 -  -  [24/Mar/2016:00:34:34 +0000] "GET /classicui/jquery.miniColors.js HTTP/1.1" 304 0 
0:0:0:0:0:0:0:1 -  -  [24/Mar/2016:00:34:34 +0000] "GET /classicui/jquery.min.js HTTP/1.1" 304 0 
0:0:0:0:0:0:0:1 -  -  [24/Mar/2016:00:34:34 +0000] "GET /images/none.png HTTP/1.1" 304 0 
0:0:0:0:0:0:0:1 -  -  [24/Mar/2016:00:34:34 +0000] "GET /images/favicon.ico HTTP/1.1" 200 1150 
0:0:0:0:0:0:0:1 -  -  [24/Mar/2016:00:34:34 +0000] "GET /openhab.app?sitemap=project&w=0000&__async=true&__source=waHome HTTP/1.1" 200 702 
0:0:0:0:0:0:0:1 -  -  [24/Mar/2016:00:34:35 +0000] "GET /openhab.app?sitemap=project&w=gInside&__async=true&__source=wa0000 HTTP/1.1" 200 558 
0:0:0:0:0:0:0:1 -  -  [24/Mar/2016:00:34:37 +0000] "GET /openhab.app?sitemap=project&w=GI_Living&__async=true&__source=wagInside HTTP/1.1" 200 922 
0:0:0:0:0:0:0:1 -  -  [24/Mar/2016:00:34:27 +0000] "GET /openhab.app?sitemap=project&sitemap=project&w=0000&poll=true&__async=true&__source=wa0000 HTTP/1.1" 200 92 
0:0:0:0:0:0:0:1 -  -  [24/Mar/2016:00:34:27 +0000] "GET /openhab.app?sitemap=project&poll=true&__async=true&__source=wa0000 HTTP/1.1" 200 92 
0:0:0:0:0:0:0:1 -  -  [24/Mar/2016:00:34:29 +0000] "GET /openhab.app?sitemap=project&sitemap=project&w=Lights&poll=true&__async=true&__source=waLights HTTP/1.1" 200 92 
0:0:0:0:0:0:0:1 -  -  [24/Mar/2016:00:34:38 +0000] "GET /CMD?Light_GI_Living_Lamp=TOGGLE&__async=true&__source=waGI_Living HTTP/1.1" 200 13 
0:0:0:0:0:0:0:1 -  -  [24/Mar/2016:00:34:36 +0000] "GET /openhab.app?sitemap=project&sitemap=project&w=gInside&poll=true&__async=true&__source=wagInside HTTP/1.1" 200 558 
0:0:0:0:0:0:0:1 -  -  [24/Mar/2016:00:34:35 +0000] "GET /openhab.app?sitemap=project&sitemap=project&w=0000&poll=true&__async=true&__source=wa0000 HTTP/1.1" 200 703 
0:0:0:0:0:0:0:1 -  -  [24/Mar/2016:00:34:39 +0000] "GET /images/group.png HTTP/1.1" 404 1381 
0:0:0:0:0:0:0:1 -  -  [24/Mar/2016:00:34:31 +0000] "GET /openhab.app?sitemap=project&sitemap=project&w=Home&poll=true&__async=true&__source=waHome HTTP/1.1" 200 551 
0:0:0:0:0:0:0:1 -  -  [24/Mar/2016:00:34:37 +0000] "GET /openhab.app?sitemap=project&sitemap=project&w=GI_Living&poll=true&__async=true&__source=waGI_Living HTTP/1.1" 200 937 
0:0:0:0:0:0:0:1 -  -  [24/Mar/2016:00:34:35 +0000] "GET /openhab.app?sitemap=project&poll=true&__async=true&__source=wa0000 HTTP/1.1" 200 551 
0:0:0:0:0:0:0:1 -  -  [24/Mar/2016:00:34:40 +0000] "GET /images/group.png HTTP/1.1" 404 1381 
0:0:0:0:0:0:0:1 -  -  [24/Mar/2016:00:34:40 +0000] "GET /openhab.app?sitemap=project&sitemap=project&w=gInside&poll=true&__async=true&__source=wagInside HTTP/1.1" 200 92 
