2016-03-23 20:32:23 - Light_GI_Living_Lamp received command ON
2016-03-23 20:32:24 - Light_GI_Living_Lamp received command OFF
2016-03-23 20:32:25 - Light_GI_Living_Ceiling received command ON
2016-03-23 20:32:26 - Light_GI_Living_Ceiling received command OFF
2016-03-23 20:32:53 - Light_GI_Living_Lamp received command ON
2016-03-23 20:33:14 - Light_GI_Living_Lamp received command OFF
2016-03-23 20:34:39 - Light_GI_Living_Lamp received command ON
2016-03-24 13:17:35 - Lights received command ON
2016-03-24 13:17:35 - Light_GI_Living_Lamp received command ON
2016-03-24 13:17:36 - Light_GI_Living_Ceiling received command ON
2016-03-24 13:17:38 - Lights received command OFF
2016-03-24 13:17:38 - Light_GI_Living_Lamp received command OFF
2016-03-24 13:17:39 - Light_GI_Living_Ceiling received command OFF
2016-03-24 13:17:42 - Lights received command ON
2016-03-24 13:17:42 - Light_GI_Living_Lamp received command ON
2016-03-24 13:17:43 - Light_GI_Living_Ceiling received command ON
2016-03-24 13:17:44 - Lights received command OFF
2016-03-24 13:17:44 - Light_GI_Living_Lamp received command OFF
2016-03-24 13:17:45 - Light_GI_Living_Ceiling received command OFF
2016-03-24 13:17:57 - Light_GI_Living_Lamp received command ON
2016-03-24 15:26:24 - Light_GI_Living_Lamp received command ON
2016-03-24 15:26:26 - Light_GI_Living_Lamp received command OFF
