2016-03-23 20:20:55.206 [WARN ] [o.config.core.ConfigDispatcher] - Main openHAB configuration file 'configurations/openhab.cfg' does not exist.
2016-03-23 20:20:55.238 [INFO ] [.o.core.internal.CoreActivator] - openHAB runtime has been started (v1.8.1).
2016-03-23 20:20:56.632 [INFO ] [o.o.i.s.i.DiscoveryServiceImpl] - mDNS service has been started
2016-03-23 20:20:56.701 [INFO ] [o.o.i.s.i.DiscoveryServiceImpl] - Service Discovery initialization completed.
2016-03-23 20:20:58.221 [INFO ] [penhab.io.rest.RESTApplication] - Started REST API at /rest
2016-03-23 20:21:06.275 [INFO ] [c.internal.ModelRepositoryImpl] - Loading model 'project.sitemap'
2016-03-23 20:21:06.386 [INFO ] [c.internal.ModelRepositoryImpl] - Loading model 'project.items'
2016-03-23 20:21:06.862 [INFO ] [.o.u.w.i.servlet.WebAppServlet] - Started Classic UI at /classicui/openhab.app
2016-03-23 20:21:10.795 [INFO ] [.service.AbstractActiveService] - Wemo Refresh Service has been started
2016-03-23 20:21:21.739 [WARN ] [e.jetty.servlet.ServletHandler] - /openhab.app
org.openhab.ui.webapp.render.RenderException: Sitemap 'demo' could not be found
	at org.openhab.ui.webapp.internal.servlet.WebAppServlet.service(WebAppServlet.java:115) ~[na:na]
	at org.eclipse.equinox.http.servlet.internal.ServletRegistration.service(ServletRegistration.java:61) ~[na:na]
	at org.eclipse.equinox.http.servlet.internal.ProxyServlet.processAlias(ProxyServlet.java:128) ~[na:na]
	at org.eclipse.equinox.http.servlet.internal.ProxyServlet.service(ProxyServlet.java:60) ~[na:na]
	at javax.servlet.http.HttpServlet.service(HttpServlet.java:848) ~[javax.servlet_3.0.0.v201112011016.jar:na]
	at org.eclipse.jetty.servlet.ServletHolder.handle(ServletHolder.java:598) ~[org.eclipse.jetty.servlet_8.1.3.v20120522.jar:8.1.3.v20120522]
	at org.eclipse.jetty.servlet.ServletHandler.doHandle(ServletHandler.java:486) [org.eclipse.jetty.servlet_8.1.3.v20120522.jar:8.1.3.v20120522]
	at org.eclipse.jetty.server.session.SessionHandler.doHandle(SessionHandler.java:231) [org.eclipse.jetty.server_8.1.3.v20120522.jar:8.1.3.v20120522]
	at org.eclipse.jetty.server.handler.ContextHandler.doHandle(ContextHandler.java:1065) [org.eclipse.jetty.server_8.1.3.v20120522.jar:8.1.3.v20120522]
	at org.eclipse.jetty.servlet.ServletHandler.doScope(ServletHandler.java:413) [org.eclipse.jetty.servlet_8.1.3.v20120522.jar:8.1.3.v20120522]
	at org.eclipse.jetty.server.session.SessionHandler.doScope(SessionHandler.java:192) [org.eclipse.jetty.server_8.1.3.v20120522.jar:8.1.3.v20120522]
	at org.eclipse.jetty.server.handler.ContextHandler.doScope(ContextHandler.java:999) [org.eclipse.jetty.server_8.1.3.v20120522.jar:8.1.3.v20120522]
	at org.eclipse.jetty.server.handler.ScopedHandler.handle(ScopedHandler.java:117) [org.eclipse.jetty.server_8.1.3.v20120522.jar:8.1.3.v20120522]
	at org.eclipse.jetty.server.handler.ContextHandlerCollection.handle(ContextHandlerCollection.java:250) [org.eclipse.jetty.server_8.1.3.v20120522.jar:8.1.3.v20120522]
	at org.eclipse.jetty.server.handler.HandlerCollection.handle(HandlerCollection.java:149) [org.eclipse.jetty.server_8.1.3.v20120522.jar:8.1.3.v20120522]
	at org.eclipse.jetty.server.handler.HandlerWrapper.handle(HandlerWrapper.java:111) [org.eclipse.jetty.server_8.1.3.v20120522.jar:8.1.3.v20120522]
	at org.eclipse.jetty.server.Server.handle(Server.java:350) [org.eclipse.jetty.server_8.1.3.v20120522.jar:8.1.3.v20120522]
	at org.eclipse.jetty.server.AbstractHttpConnection.handleRequest(AbstractHttpConnection.java:454) [org.eclipse.jetty.server_8.1.3.v20120522.jar:8.1.3.v20120522]
	at org.eclipse.jetty.server.AbstractHttpConnection.headerComplete(AbstractHttpConnection.java:890) [org.eclipse.jetty.server_8.1.3.v20120522.jar:8.1.3.v20120522]
	at org.eclipse.jetty.server.AbstractHttpConnection$RequestHandler.headerComplete(AbstractHttpConnection.java:944) [org.eclipse.jetty.server_8.1.3.v20120522.jar:8.1.3.v20120522]
	at org.eclipse.jetty.http.HttpParser.parseNext(HttpParser.java:630) [org.eclipse.jetty.http_8.1.3.v20120522.jar:8.1.3.v20120522]
	at org.eclipse.jetty.http.HttpParser.parseAvailable(HttpParser.java:230) [org.eclipse.jetty.http_8.1.3.v20120522.jar:8.1.3.v20120522]
	at org.eclipse.jetty.server.AsyncHttpConnection.handle(AsyncHttpConnection.java:77) [org.eclipse.jetty.server_8.1.3.v20120522.jar:8.1.3.v20120522]
	at org.eclipse.jetty.io.nio.SelectChannelEndPoint.handle(SelectChannelEndPoint.java:606) [org.eclipse.jetty.io_8.1.3.v20120522.jar:8.1.3.v20120522]
	at org.eclipse.jetty.io.nio.SelectChannelEndPoint$1.run(SelectChannelEndPoint.java:46) [org.eclipse.jetty.io_8.1.3.v20120522.jar:8.1.3.v20120522]
	at org.eclipse.jetty.util.thread.QueuedThreadPool.runJob(QueuedThreadPool.java:603) [org.eclipse.jetty.util_8.1.3.v20120522.jar:8.1.3.v20120522]
	at org.eclipse.jetty.util.thread.QueuedThreadPool$3.run(QueuedThreadPool.java:538) [org.eclipse.jetty.util_8.1.3.v20120522.jar:8.1.3.v20120522]
	at java.lang.Thread.run(Unknown Source) [na:1.8.0_66]
2016-03-23 20:21:42.081 [INFO ] [penhab.io.rest.RESTApplication] - Stopped REST API
2016-03-23 20:23:32.648 [WARN ] [o.config.core.ConfigDispatcher] - Main openHAB configuration file 'configurations/openhab.cfg' does not exist.
2016-03-23 20:23:32.652 [INFO ] [.o.core.internal.CoreActivator] - openHAB runtime has been started (v1.8.1).
2016-03-23 20:23:33.062 [INFO ] [o.o.i.s.i.DiscoveryServiceImpl] - mDNS service has been started
2016-03-23 20:23:33.121 [INFO ] [o.o.i.s.i.DiscoveryServiceImpl] - Service Discovery initialization completed.
2016-03-23 20:23:33.916 [INFO ] [penhab.io.rest.RESTApplication] - Started REST API at /rest
2016-03-23 20:23:43.003 [INFO ] [c.internal.ModelRepositoryImpl] - Loading model 'project.sitemap'
2016-03-23 20:23:43.054 [INFO ] [c.internal.ModelRepositoryImpl] - Loading model 'project.items'
2016-03-23 20:23:43.517 [INFO ] [.o.u.w.i.servlet.WebAppServlet] - Started Classic UI at /classicui/openhab.app
2016-03-23 20:23:47.023 [INFO ] [.service.AbstractActiveService] - Wemo Refresh Service has been started
2016-03-23 20:24:09.502 [INFO ] [penhab.io.rest.RESTApplication] - Stopped REST API
2016-03-23 20:24:27.533 [INFO ] [.o.core.internal.CoreActivator] - openHAB runtime has been started (v1.8.1).
2016-03-23 20:24:27.971 [INFO ] [o.o.i.s.i.DiscoveryServiceImpl] - mDNS service has been started
2016-03-23 20:24:28.059 [INFO ] [o.o.i.s.i.DiscoveryServiceImpl] - Service Discovery initialization completed.
2016-03-23 20:24:28.854 [INFO ] [penhab.io.rest.RESTApplication] - Started REST API at /rest
2016-03-23 20:24:37.932 [INFO ] [c.internal.ModelRepositoryImpl] - Loading model 'project.sitemap'
2016-03-23 20:24:37.982 [INFO ] [c.internal.ModelRepositoryImpl] - Loading model 'project.items'
2016-03-23 20:24:38.524 [INFO ] [.o.u.w.i.servlet.WebAppServlet] - Started Classic UI at /classicui/openhab.app
2016-03-23 20:24:41.840 [INFO ] [.service.AbstractActiveService] - Wemo Refresh Service has been started
2016-03-23 20:25:59.622 [INFO ] [penhab.io.rest.RESTApplication] - Stopped REST API
2016-03-23 20:26:59.030 [INFO ] [.o.core.internal.CoreActivator] - openHAB runtime has been started (v1.8.1).
2016-03-23 20:26:59.449 [INFO ] [o.o.i.s.i.DiscoveryServiceImpl] - mDNS service has been started
2016-03-23 20:26:59.545 [INFO ] [o.o.i.s.i.DiscoveryServiceImpl] - Service Discovery initialization completed.
2016-03-23 20:27:00.343 [INFO ] [penhab.io.rest.RESTApplication] - Started REST API at /rest
2016-03-23 20:27:09.395 [INFO ] [c.internal.ModelRepositoryImpl] - Loading model 'project.sitemap'
2016-03-23 20:27:09.445 [INFO ] [c.internal.ModelRepositoryImpl] - Loading model 'project.items'
2016-03-23 20:27:09.914 [INFO ] [.o.u.w.i.servlet.WebAppServlet] - Started Classic UI at /classicui/openhab.app
2016-03-23 20:27:13.371 [INFO ] [.service.AbstractActiveService] - Wemo Refresh Service has been started
2016-03-23 20:30:53.082 [INFO ] [.o.core.internal.CoreActivator] - openHAB runtime has been started (v1.8.1).
2016-03-23 20:30:53.508 [INFO ] [o.o.i.s.i.DiscoveryServiceImpl] - mDNS service has been started
2016-03-23 20:30:53.573 [INFO ] [o.o.i.s.i.DiscoveryServiceImpl] - Service Discovery initialization completed.
2016-03-23 20:30:54.350 [INFO ] [penhab.io.rest.RESTApplication] - Started REST API at /rest
2016-03-23 20:31:03.402 [INFO ] [c.internal.ModelRepositoryImpl] - Loading model 'project.sitemap'
2016-03-23 20:31:03.494 [INFO ] [c.internal.ModelRepositoryImpl] - Loading model 'project.items'
2016-03-23 20:31:03.822 [INFO ] [.o.u.w.i.servlet.WebAppServlet] - Started Classic UI at /classicui/openhab.app
2016-03-23 20:31:07.484 [INFO ] [.service.AbstractActiveService] - Wemo Refresh Service has been started
2016-03-23 20:31:16.079 [INFO ] [penhab.io.rest.RESTApplication] - Stopped REST API
2016-03-23 20:32:02.596 [INFO ] [.o.core.internal.CoreActivator] - openHAB runtime has been started (v1.8.1).
2016-03-23 20:32:02.981 [INFO ] [o.o.i.s.i.DiscoveryServiceImpl] - mDNS service has been started
2016-03-23 20:32:03.047 [INFO ] [o.o.i.s.i.DiscoveryServiceImpl] - Service Discovery initialization completed.
2016-03-23 20:32:03.870 [INFO ] [penhab.io.rest.RESTApplication] - Started REST API at /rest
2016-03-23 20:32:12.894 [INFO ] [c.internal.ModelRepositoryImpl] - Loading model 'project.sitemap'
2016-03-23 20:32:12.954 [INFO ] [c.internal.ModelRepositoryImpl] - Loading model 'project.items'
2016-03-23 20:32:13.617 [INFO ] [.o.u.w.i.servlet.WebAppServlet] - Started Classic UI at /classicui/openhab.app
2016-03-23 20:32:17.015 [INFO ] [.service.AbstractActiveService] - Wemo Refresh Service has been started
2016-03-23 20:33:28.642 [INFO ] [penhab.io.rest.RESTApplication] - Stopped REST API
2016-03-23 20:34:13.754 [INFO ] [.o.core.internal.CoreActivator] - openHAB runtime has been started (v1.8.1).
2016-03-23 20:34:14.177 [INFO ] [o.o.i.s.i.DiscoveryServiceImpl] - mDNS service has been started
2016-03-23 20:34:14.240 [INFO ] [o.o.i.s.i.DiscoveryServiceImpl] - Service Discovery initialization completed.
2016-03-23 20:34:15.059 [INFO ] [penhab.io.rest.RESTApplication] - Started REST API at /rest
2016-03-23 20:34:24.078 [INFO ] [c.internal.ModelRepositoryImpl] - Loading model 'project.sitemap'
2016-03-23 20:34:24.129 [INFO ] [c.internal.ModelRepositoryImpl] - Loading model 'project.items'
2016-03-23 20:34:24.695 [INFO ] [.o.u.w.i.servlet.WebAppServlet] - Started Classic UI at /classicui/openhab.app
2016-03-23 20:34:28.141 [INFO ] [.service.AbstractActiveService] - Wemo Refresh Service has been started
2016-03-23 20:34:53.199 [INFO ] [penhab.io.rest.RESTApplication] - Stopped REST API
2016-03-23 21:42:43.967 [INFO ] [.o.core.internal.CoreActivator] - openHAB runtime has been started (v1.8.1).
2016-03-23 21:42:47.060 [INFO ] [o.o.i.s.i.DiscoveryServiceImpl] - mDNS service has been started
2016-03-23 21:42:47.176 [INFO ] [o.o.i.s.i.DiscoveryServiceImpl] - Service Discovery initialization completed.
2016-03-23 21:42:49.861 [INFO ] [penhab.io.rest.RESTApplication] - Started REST API at /rest
2016-03-23 21:42:55.951 [INFO ] [c.internal.ModelRepositoryImpl] - Loading model 'project.sitemap'
2016-03-23 21:42:56.251 [INFO ] [c.internal.ModelRepositoryImpl] - Loading model 'project.items'
2016-03-23 21:42:57.729 [INFO ] [.o.u.w.i.servlet.WebAppServlet] - Started Classic UI at /classicui/openhab.app
2016-03-23 21:43:02.405 [INFO ] [.service.AbstractActiveService] - Wemo Refresh Service has been started
2016-03-23 21:46:04.021 [WARN ] [e.jetty.servlet.ServletHandler] - /openhab.app
org.openhab.ui.webapp.render.RenderException: Sitemap 'demo' could not be found
	at org.openhab.ui.webapp.internal.servlet.WebAppServlet.service(WebAppServlet.java:115) ~[na:na]
	at org.eclipse.equinox.http.servlet.internal.ServletRegistration.service(ServletRegistration.java:61) ~[na:na]
	at org.eclipse.equinox.http.servlet.internal.ProxyServlet.processAlias(ProxyServlet.java:128) ~[na:na]
	at org.eclipse.equinox.http.servlet.internal.ProxyServlet.service(ProxyServlet.java:60) ~[na:na]
	at javax.servlet.http.HttpServlet.service(HttpServlet.java:848) ~[javax.servlet_3.0.0.v201112011016.jar:na]
	at org.eclipse.jetty.servlet.ServletHolder.handle(ServletHolder.java:598) ~[org.eclipse.jetty.servlet_8.1.3.v20120522.jar:8.1.3.v20120522]
	at org.eclipse.jetty.servlet.ServletHandler.doHandle(ServletHandler.java:486) [org.eclipse.jetty.servlet_8.1.3.v20120522.jar:8.1.3.v20120522]
	at org.eclipse.jetty.server.session.SessionHandler.doHandle(SessionHandler.java:231) [org.eclipse.jetty.server_8.1.3.v20120522.jar:8.1.3.v20120522]
	at org.eclipse.jetty.server.handler.ContextHandler.doHandle(ContextHandler.java:1065) [org.eclipse.jetty.server_8.1.3.v20120522.jar:8.1.3.v20120522]
	at org.eclipse.jetty.servlet.ServletHandler.doScope(ServletHandler.java:413) [org.eclipse.jetty.servlet_8.1.3.v20120522.jar:8.1.3.v20120522]
	at org.eclipse.jetty.server.session.SessionHandler.doScope(SessionHandler.java:192) [org.eclipse.jetty.server_8.1.3.v20120522.jar:8.1.3.v20120522]
	at org.eclipse.jetty.server.handler.ContextHandler.doScope(ContextHandler.java:999) [org.eclipse.jetty.server_8.1.3.v20120522.jar:8.1.3.v20120522]
	at org.eclipse.jetty.server.handler.ScopedHandler.handle(ScopedHandler.java:117) [org.eclipse.jetty.server_8.1.3.v20120522.jar:8.1.3.v20120522]
	at org.eclipse.jetty.server.handler.ContextHandlerCollection.handle(ContextHandlerCollection.java:250) [org.eclipse.jetty.server_8.1.3.v20120522.jar:8.1.3.v20120522]
	at org.eclipse.jetty.server.handler.HandlerCollection.handle(HandlerCollection.java:149) [org.eclipse.jetty.server_8.1.3.v20120522.jar:8.1.3.v20120522]
	at org.eclipse.jetty.server.handler.HandlerWrapper.handle(HandlerWrapper.java:111) [org.eclipse.jetty.server_8.1.3.v20120522.jar:8.1.3.v20120522]
	at org.eclipse.jetty.server.Server.handle(Server.java:350) [org.eclipse.jetty.server_8.1.3.v20120522.jar:8.1.3.v20120522]
	at org.eclipse.jetty.server.AbstractHttpConnection.handleRequest(AbstractHttpConnection.java:454) [org.eclipse.jetty.server_8.1.3.v20120522.jar:8.1.3.v20120522]
	at org.eclipse.jetty.server.AbstractHttpConnection.headerComplete(AbstractHttpConnection.java:890) [org.eclipse.jetty.server_8.1.3.v20120522.jar:8.1.3.v20120522]
	at org.eclipse.jetty.server.AbstractHttpConnection$RequestHandler.headerComplete(AbstractHttpConnection.java:944) [org.eclipse.jetty.server_8.1.3.v20120522.jar:8.1.3.v20120522]
	at org.eclipse.jetty.http.HttpParser.parseNext(HttpParser.java:630) [org.eclipse.jetty.http_8.1.3.v20120522.jar:8.1.3.v20120522]
	at org.eclipse.jetty.http.HttpParser.parseAvailable(HttpParser.java:230) [org.eclipse.jetty.http_8.1.3.v20120522.jar:8.1.3.v20120522]
	at org.eclipse.jetty.server.AsyncHttpConnection.handle(AsyncHttpConnection.java:77) [org.eclipse.jetty.server_8.1.3.v20120522.jar:8.1.3.v20120522]
	at org.eclipse.jetty.io.nio.SelectChannelEndPoint.handle(SelectChannelEndPoint.java:606) [org.eclipse.jetty.io_8.1.3.v20120522.jar:8.1.3.v20120522]
	at org.eclipse.jetty.io.nio.SelectChannelEndPoint$1.run(SelectChannelEndPoint.java:46) [org.eclipse.jetty.io_8.1.3.v20120522.jar:8.1.3.v20120522]
	at org.eclipse.jetty.util.thread.QueuedThreadPool.runJob(QueuedThreadPool.java:603) [org.eclipse.jetty.util_8.1.3.v20120522.jar:8.1.3.v20120522]
	at org.eclipse.jetty.util.thread.QueuedThreadPool$3.run(QueuedThreadPool.java:538) [org.eclipse.jetty.util_8.1.3.v20120522.jar:8.1.3.v20120522]
	at java.lang.Thread.run(Unknown Source) [na:1.8.0_77]
2016-03-23 21:46:29.340 [INFO ] [penhab.io.rest.RESTApplication] - Stopped REST API
2016-03-24 12:46:37.132 [INFO ] [.o.core.internal.CoreActivator] - openHAB runtime has been started (v1.8.1).
2016-03-24 12:46:40.435 [INFO ] [o.o.i.s.i.DiscoveryServiceImpl] - mDNS service has been started
2016-03-24 12:46:40.620 [INFO ] [o.o.i.s.i.DiscoveryServiceImpl] - Service Discovery initialization completed.
2016-03-24 12:46:43.064 [INFO ] [penhab.io.rest.RESTApplication] - Started REST API at /rest
2016-03-24 12:46:49.657 [INFO ] [c.internal.ModelRepositoryImpl] - Loading model 'project.sitemap'
2016-03-24 12:46:50.190 [INFO ] [c.internal.ModelRepositoryImpl] - Loading model 'project.items'
2016-03-24 12:46:51.497 [INFO ] [.o.u.w.i.servlet.WebAppServlet] - Started Classic UI at /classicui/openhab.app
2016-03-24 12:46:56.544 [INFO ] [.service.AbstractActiveService] - Wemo Refresh Service has been started
2016-03-24 12:49:01.417 [INFO ] [penhab.io.rest.RESTApplication] - Stopped REST API
2016-03-24 12:53:01.230 [INFO ] [.o.core.internal.CoreActivator] - openHAB runtime has been started (v1.8.1).
2016-03-24 12:53:01.847 [INFO ] [o.o.i.s.i.DiscoveryServiceImpl] - mDNS service has been started
2016-03-24 12:53:01.963 [INFO ] [o.o.i.s.i.DiscoveryServiceImpl] - Service Discovery initialization completed.
2016-03-24 12:53:03.097 [INFO ] [penhab.io.rest.RESTApplication] - Started REST API at /rest
2016-03-24 12:53:11.717 [INFO ] [c.internal.ModelRepositoryImpl] - Loading model 'project.sitemap'
2016-03-24 12:53:11.786 [INFO ] [c.internal.ModelRepositoryImpl] - Loading model 'project.items'
2016-03-24 12:53:12.406 [INFO ] [.o.u.w.i.servlet.WebAppServlet] - Started Classic UI at /classicui/openhab.app
2016-03-24 12:53:17.364 [INFO ] [.service.AbstractActiveService] - Wemo Refresh Service has been started
2016-03-24 12:54:38.867 [INFO ] [penhab.io.rest.RESTApplication] - Stopped REST API
2016-03-24 13:07:05.020 [INFO ] [.o.core.internal.CoreActivator] - openHAB runtime has been started (v1.8.1).
2016-03-24 13:07:05.621 [INFO ] [o.o.i.s.i.DiscoveryServiceImpl] - mDNS service has been started
2016-03-24 13:07:05.752 [INFO ] [o.o.i.s.i.DiscoveryServiceImpl] - Service Discovery initialization completed.
2016-03-24 13:07:06.924 [INFO ] [penhab.io.rest.RESTApplication] - Started REST API at /rest
2016-03-24 13:07:15.480 [INFO ] [c.internal.ModelRepositoryImpl] - Loading model 'project.sitemap'
2016-03-24 13:07:15.565 [INFO ] [c.internal.ModelRepositoryImpl] - Loading model 'project.items'
2016-03-24 13:07:16.199 [INFO ] [.o.u.w.i.servlet.WebAppServlet] - Started Classic UI at /classicui/openhab.app
2016-03-24 13:07:21.048 [INFO ] [.service.AbstractActiveService] - Wemo Refresh Service has been started
2016-03-24 13:09:35.646 [INFO ] [c.internal.ModelRepositoryImpl] - Refreshing model 'project.items'
2016-03-24 13:09:36.821 [INFO ] [penhab.io.rest.RESTApplication] - Stopped REST API
2016-03-24 13:09:48.698 [INFO ] [.o.core.internal.CoreActivator] - openHAB runtime has been started (v1.8.1).
2016-03-24 13:09:49.268 [INFO ] [o.o.i.s.i.DiscoveryServiceImpl] - mDNS service has been started
2016-03-24 13:09:49.416 [INFO ] [o.o.i.s.i.DiscoveryServiceImpl] - Service Discovery initialization completed.
2016-03-24 13:09:50.534 [INFO ] [penhab.io.rest.RESTApplication] - Started REST API at /rest
2016-03-24 13:09:59.122 [INFO ] [c.internal.ModelRepositoryImpl] - Loading model 'project.sitemap'
2016-03-24 13:09:59.200 [INFO ] [c.internal.ModelRepositoryImpl] - Loading model 'project.items'
2016-03-24 13:09:59.742 [INFO ] [.o.u.w.i.servlet.WebAppServlet] - Started Classic UI at /classicui/openhab.app
2016-03-24 13:10:04.816 [INFO ] [.service.AbstractActiveService] - Wemo Refresh Service has been started
2016-03-24 13:11:09.008 [INFO ] [penhab.io.rest.RESTApplication] - Stopped REST API
2016-03-24 13:11:09.241 [INFO ] [c.internal.ModelRepositoryImpl] - Refreshing model 'project.items'
2016-03-24 13:11:35.338 [INFO ] [.o.core.internal.CoreActivator] - openHAB runtime has been started (v1.8.1).
2016-03-24 13:11:35.901 [INFO ] [o.o.i.s.i.DiscoveryServiceImpl] - mDNS service has been started
2016-03-24 13:11:36.024 [INFO ] [o.o.i.s.i.DiscoveryServiceImpl] - Service Discovery initialization completed.
2016-03-24 13:11:37.158 [INFO ] [penhab.io.rest.RESTApplication] - Started REST API at /rest
2016-03-24 13:11:45.767 [INFO ] [c.internal.ModelRepositoryImpl] - Loading model 'project.sitemap'
2016-03-24 13:11:45.852 [INFO ] [c.internal.ModelRepositoryImpl] - Loading model 'project.items'
2016-03-24 13:11:46.555 [INFO ] [.o.u.w.i.servlet.WebAppServlet] - Started Classic UI at /classicui/openhab.app
2016-03-24 13:11:51.365 [INFO ] [.service.AbstractActiveService] - Wemo Refresh Service has been started
2016-03-24 13:12:50.339 [INFO ] [penhab.io.rest.RESTApplication] - Stopped REST API
2016-03-24 13:17:08.739 [INFO ] [.o.core.internal.CoreActivator] - openHAB runtime has been started (v1.8.1).
2016-03-24 13:17:09.319 [INFO ] [o.o.i.s.i.DiscoveryServiceImpl] - mDNS service has been started
2016-03-24 13:17:09.441 [INFO ] [o.o.i.s.i.DiscoveryServiceImpl] - Service Discovery initialization completed.
2016-03-24 13:17:10.606 [INFO ] [penhab.io.rest.RESTApplication] - Started REST API at /rest
2016-03-24 13:17:19.181 [INFO ] [c.internal.ModelRepositoryImpl] - Loading model 'project.sitemap'
2016-03-24 13:17:19.265 [INFO ] [c.internal.ModelRepositoryImpl] - Loading model 'project.items'
2016-03-24 13:17:20.039 [INFO ] [.o.u.w.i.servlet.WebAppServlet] - Started Classic UI at /classicui/openhab.app
2016-03-24 13:17:24.782 [INFO ] [.service.AbstractActiveService] - Wemo Refresh Service has been started
2016-03-24 13:18:47.891 [INFO ] [penhab.io.rest.RESTApplication] - Stopped REST API
2016-03-24 13:19:34.760 [INFO ] [.o.core.internal.CoreActivator] - openHAB runtime has been started (v1.8.1).
2016-03-24 13:19:35.346 [INFO ] [o.o.i.s.i.DiscoveryServiceImpl] - mDNS service has been started
2016-03-24 13:19:35.477 [INFO ] [o.o.i.s.i.DiscoveryServiceImpl] - Service Discovery initialization completed.
2016-03-24 13:19:36.626 [INFO ] [penhab.io.rest.RESTApplication] - Started REST API at /rest
2016-03-24 13:19:45.204 [INFO ] [c.internal.ModelRepositoryImpl] - Loading model 'project.sitemap'
2016-03-24 13:19:45.284 [INFO ] [c.internal.ModelRepositoryImpl] - Loading model 'project.items'
2016-03-24 13:19:45.888 [INFO ] [.o.u.w.i.servlet.WebAppServlet] - Started Classic UI at /classicui/openhab.app
2016-03-24 13:19:50.784 [INFO ] [.service.AbstractActiveService] - Wemo Refresh Service has been started
2016-03-24 13:20:13.640 [INFO ] [penhab.io.rest.RESTApplication] - Stopped REST API
2016-03-24 15:22:46.653 [INFO ] [.o.core.internal.CoreActivator] - openHAB runtime has been started (v1.8.1).
2016-03-24 15:22:47.318 [INFO ] [o.o.i.s.i.DiscoveryServiceImpl] - mDNS service has been started
2016-03-24 15:22:47.487 [INFO ] [o.o.i.s.i.DiscoveryServiceImpl] - Service Discovery initialization completed.
2016-03-24 15:22:48.913 [INFO ] [penhab.io.rest.RESTApplication] - Started REST API at /rest
2016-03-24 15:22:57.099 [INFO ] [c.internal.ModelRepositoryImpl] - Loading model 'project.sitemap'
2016-03-24 15:22:57.189 [INFO ] [c.internal.ModelRepositoryImpl] - Loading model 'project.items'
2016-03-24 15:22:57.807 [INFO ] [.o.u.w.i.servlet.WebAppServlet] - Started Classic UI at /classicui/openhab.app
2016-03-24 15:23:02.067 [INFO ] [.service.AbstractActiveService] - Wemo Refresh Service has been started
2016-03-24 15:30:49.759 [INFO ] [penhab.io.rest.RESTApplication] - Stopped REST API
